2010.11.02 16:04:57.139 CET INFO: *** SYSTEM START ***
2010.11.02 16:04:58.063 CET INFO: Loading triples -- ProtegeOWLParser.loadTriples()
2010.11.02 16:04:58.244 CET INFO: Start processing ontology: http://dummy-ontologies.com/dummy.owl Time: Tue Nov 02 16:04:58 CET 2010 -- ProtegeOWLParser.loadTriples()
2010.11.02 16:04:59.377 CET INFO: Loaded 5000 triples -- ProtegeOWLParser$MyStatementHandler.statement()
2010.11.02 16:04:59.746 CET INFO: [ProtegeOWLParser] Importing http://swrl.stanford.edu/ontologies/3.3/swrla.owl (from /home/dit-upm/Documents/NetBeansProjects/IRSReasonerDemostrador/plugins/edu.stanford.smi.protegex.owl/swrla.owl) -- DefaultProtegeOWLParserLogger.logImport()
2010.11.02 16:04:59.755 CET INFO: [ProtegeOWLParser] Importing http://www.w3.org/2003/11/swrl (from /home/dit-upm/Documents/NetBeansProjects/IRSReasonerDemostrador/plugins/edu.stanford.smi.protegex.owl/swrl.owl) -- DefaultProtegeOWLParserLogger.logImport()
2010.11.02 16:04:59.757 CET WARNING: [ProtegeOWLParser] Warning: Ignoring namespace prefix "ruleml" for existing prefix "swrl" -- DefaultProtegeOWLParserLogger.logWarning()
2010.11.02 16:04:59.892 CET INFO: [ProtegeOWLParser] Importing http://www.w3.org/2003/11/swrlb (from /home/dit-upm/Documents/NetBeansProjects/IRSReasonerDemostrador/plugins/edu.stanford.smi.protegex.owl/swrlb.owl) -- DefaultProtegeOWLParserLogger.logImport()
2010.11.02 16:04:59.930 CET INFO: [ProtegeOWLParser] Completed triple loading after 1687 ms -- ProtegeOWLParser.loadTriples()
2010.11.02 16:05:00.397 CET INFO: [TripleChangePostProcessor] Completed lists after 3 ms -- TripleChangePostProcessor.log()
2010.11.02 16:05:00.403 CET INFO: [TripleChangePostProcessor] Completed anonymous classes after 4 ms -- TripleChangePostProcessor.log()
2010.11.02 16:05:00.404 CET INFO: [TripleChangePostProcessor] Completed deprecated classes after 1 ms -- TripleChangePostProcessor.log()
2010.11.02 16:05:00.427 CET INFO: [TripleChangePostProcessor] Completed properties after 21 ms -- TripleChangePostProcessor.log()
2010.11.02 16:05:00.432 CET INFO: [TripleChangePostProcessor] Completed named classes after 5 ms -- TripleChangePostProcessor.log()
2010.11.02 16:05:00.560 CET INFO: ... Loading completed after 2317 ms -- ProtegeOWLParser.loadTriples()
2010.11.02 18:33:20.921 CET INFO: *** SYSTEM START ***
2010.11.02 18:33:21.707 CET INFO: Loading triples -- ProtegeOWLParser.loadTriples()
2010.11.02 18:33:21.775 CET INFO: Start processing ontology: http://dummy-ontologies.com/dummy.owl Time: Tue Nov 02 18:33:21 CET 2010 -- ProtegeOWLParser.loadTriples()
2010.11.02 18:33:22.771 CET INFO: Loaded 5000 triples -- ProtegeOWLParser$MyStatementHandler.statement()
2010.11.02 18:33:23.004 CET INFO: [ProtegeOWLParser] Importing http://swrl.stanford.edu/ontologies/3.3/swrla.owl (from /home/dit-upm/Documents/NetBeansProjects/IRSReasonerDemostrador/plugins/edu.stanford.smi.protegex.owl/swrla.owl) -- DefaultProtegeOWLParserLogger.logImport()
2010.11.02 18:33:23.013 CET INFO: [ProtegeOWLParser] Importing http://www.w3.org/2003/11/swrl (from /home/dit-upm/Documents/NetBeansProjects/IRSReasonerDemostrador/plugins/edu.stanford.smi.protegex.owl/swrl.owl) -- DefaultProtegeOWLParserLogger.logImport()
2010.11.02 18:33:23.014 CET WARNING: [ProtegeOWLParser] Warning: Ignoring namespace prefix "ruleml" for existing prefix "swrl" -- DefaultProtegeOWLParserLogger.logWarning()
2010.11.02 18:33:23.053 CET INFO: [ProtegeOWLParser] Importing http://www.w3.org/2003/11/swrlb (from /home/dit-upm/Documents/NetBeansProjects/IRSReasonerDemostrador/plugins/edu.stanford.smi.protegex.owl/swrlb.owl) -- DefaultProtegeOWLParserLogger.logImport()
2010.11.02 18:33:23.090 CET INFO: [ProtegeOWLParser] Completed triple loading after 1315 ms -- ProtegeOWLParser.loadTriples()
2010.11.02 18:33:23.609 CET INFO: [TripleChangePostProcessor] Completed lists after 7 ms -- TripleChangePostProcessor.log()
2010.11.02 18:33:23.616 CET INFO: [TripleChangePostProcessor] Completed anonymous classes after 7 ms -- TripleChangePostProcessor.log()
2010.11.02 18:33:23.618 CET INFO: [TripleChangePostProcessor] Completed deprecated classes after 2 ms -- TripleChangePostProcessor.log()
2010.11.02 18:33:23.644 CET INFO: [TripleChangePostProcessor] Completed properties after 26 ms -- TripleChangePostProcessor.log()
2010.11.02 18:33:23.653 CET INFO: [TripleChangePostProcessor] Completed named classes after 9 ms -- TripleChangePostProcessor.log()
2010.11.02 18:33:23.943 CET INFO: ... Loading completed after 2168 ms -- ProtegeOWLParser.loadTriples()
2011.07.15 13:40:29.869 CEST INFO: *** SYSTEM START ***
2011.07.15 13:40:31.415 CEST INFO: Loading triples -- ProtegeOWLParser.loadTriples()
2011.07.15 13:40:31.562 CEST INFO: Start processing ontology: http://dummy-ontologies.com/dummy.owl Time: Fri Jul 15 13:40:31 CEST 2011 -- ProtegeOWLParser.loadTriples()
2011.07.15 13:40:34.309 CEST INFO: Loaded 5000 triples -- ProtegeOWLParser$MyStatementHandler.statement()
2011.07.15 13:40:35.047 CEST INFO: [ProtegeOWLParser] Importing http://swrl.stanford.edu/ontologies/3.3/swrla.owl (from /home/vmateos/Documents/NetBeansProjects/IRSReasonerDemostrador/plugins/edu.stanford.smi.protegex.owl/swrla.owl) -- DefaultProtegeOWLParserLogger.logImport()
2011.07.15 13:40:35.250 CEST INFO: [ProtegeOWLParser] Importing http://www.w3.org/2003/11/swrl (from /home/vmateos/Documents/NetBeansProjects/IRSReasonerDemostrador/plugins/edu.stanford.smi.protegex.owl/swrl.owl) -- DefaultProtegeOWLParserLogger.logImport()
2011.07.15 13:40:35.258 CEST WARNING: [ProtegeOWLParser] Warning: Ignoring namespace prefix "ruleml" for existing prefix "swrl" -- DefaultProtegeOWLParserLogger.logWarning()
2011.07.15 13:40:35.425 CEST INFO: [ProtegeOWLParser] Importing http://www.w3.org/2003/11/swrlb (from /home/vmateos/Documents/NetBeansProjects/IRSReasonerDemostrador/plugins/edu.stanford.smi.protegex.owl/swrlb.owl) -- DefaultProtegeOWLParserLogger.logImport()
2011.07.15 13:40:35.559 CEST INFO: [ProtegeOWLParser] Completed triple loading after 3996 ms -- ProtegeOWLParser.loadTriples()
2011.07.15 13:40:36.576 CEST INFO: [TripleChangePostProcessor] Completed lists after 11 ms -- TripleChangePostProcessor.log()
2011.07.15 13:40:36.588 CEST INFO: [TripleChangePostProcessor] Completed anonymous classes after 7 ms -- TripleChangePostProcessor.log()
2011.07.15 13:40:36.593 CEST INFO: [TripleChangePostProcessor] Completed deprecated classes after 2 ms -- TripleChangePostProcessor.log()
2011.07.15 13:40:36.647 CEST INFO: [TripleChangePostProcessor] Completed properties after 51 ms -- TripleChangePostProcessor.log()
2011.07.15 13:40:36.666 CEST INFO: [TripleChangePostProcessor] Completed named classes after 18 ms -- TripleChangePostProcessor.log()
2011.07.15 13:40:36.918 CEST INFO: ... Loading completed after 5357 ms -- ProtegeOWLParser.loadTriples()
