2010.11.02 19:23:34.966 CET INFO: *** SYSTEM START ***
2010.11.02 19:23:41.759 CET INFO: Loading triples -- ProtegeOWLParser.loadTriples()
2010.11.02 19:23:42.341 CET INFO: Start processing ontology: http://dummy-ontologies.com/dummy.owl Time: Tue Nov 02 19:23:42 CET 2010 -- ProtegeOWLParser.loadTriples()
2010.11.02 19:23:47.710 CET INFO: Loaded 5000 triples -- ProtegeOWLParser$MyStatementHandler.statement()
2010.11.02 19:23:48.949 CET INFO: [ProtegeOWLParser] Importing http://swrl.stanford.edu/ontologies/3.3/swrla.owl (from /home/dit-upm/Documents/NetBeansProjects/IRSReasonerDemostrador/plugins/edu.stanford.smi.protegex.owl/swrla.owl) -- DefaultProtegeOWLParserLogger.logImport()
2010.11.02 19:23:48.957 CET INFO: [ProtegeOWLParser] Importing http://www.w3.org/2003/11/swrl (from /home/dit-upm/Documents/NetBeansProjects/IRSReasonerDemostrador/plugins/edu.stanford.smi.protegex.owl/swrl.owl) -- DefaultProtegeOWLParserLogger.logImport()
2010.11.02 19:23:48.959 CET WARNING: [ProtegeOWLParser] Warning: Ignoring namespace prefix "ruleml" for existing prefix "swrl" -- DefaultProtegeOWLParserLogger.logWarning()
2010.11.02 19:23:49.183 CET INFO: [ProtegeOWLParser] Importing http://www.w3.org/2003/11/swrlb (from /home/dit-upm/Documents/NetBeansProjects/IRSReasonerDemostrador/plugins/edu.stanford.smi.protegex.owl/swrlb.owl) -- DefaultProtegeOWLParserLogger.logImport()
2010.11.02 19:23:49.398 CET INFO: [ProtegeOWLParser] Completed triple loading after 7057 ms -- ProtegeOWLParser.loadTriples()
2010.11.02 19:23:51.340 CET INFO: [TripleChangePostProcessor] Completed lists after 3 ms -- TripleChangePostProcessor.log()
2010.11.02 19:23:51.389 CET INFO: [TripleChangePostProcessor] Completed anonymous classes after 49 ms -- TripleChangePostProcessor.log()
2010.11.02 19:23:51.391 CET INFO: [TripleChangePostProcessor] Completed deprecated classes after 2 ms -- TripleChangePostProcessor.log()
2010.11.02 19:23:51.525 CET INFO: [TripleChangePostProcessor] Completed properties after 134 ms -- TripleChangePostProcessor.log()
2010.11.02 19:23:51.582 CET INFO: [TripleChangePostProcessor] Completed named classes after 57 ms -- TripleChangePostProcessor.log()
2010.11.02 19:23:52.226 CET INFO: ... Loading completed after 9885 ms -- ProtegeOWLParser.loadTriples()
2010.11.02 19:44:30.177 CET INFO: *** SYSTEM START ***
2010.11.02 19:44:34.277 CET INFO: Loading triples -- ProtegeOWLParser.loadTriples()
2010.11.02 19:44:34.656 CET INFO: Start processing ontology: http://dummy-ontologies.com/dummy.owl Time: Tue Nov 02 19:44:34 CET 2010 -- ProtegeOWLParser.loadTriples()
2010.11.02 19:44:39.416 CET INFO: Loaded 5000 triples -- ProtegeOWLParser$MyStatementHandler.statement()
2010.11.02 19:44:40.719 CET INFO: [ProtegeOWLParser] Importing http://swrl.stanford.edu/ontologies/3.3/swrla.owl (from /home/dit-upm/Documents/NetBeansProjects/IRSReasonerDemostrador/plugins/edu.stanford.smi.protegex.owl/swrla.owl) -- DefaultProtegeOWLParserLogger.logImport()
2010.11.02 19:44:40.800 CET INFO: [ProtegeOWLParser] Importing http://www.w3.org/2003/11/swrl (from /home/dit-upm/Documents/NetBeansProjects/IRSReasonerDemostrador/plugins/edu.stanford.smi.protegex.owl/swrl.owl) -- DefaultProtegeOWLParserLogger.logImport()
2010.11.02 19:44:40.801 CET WARNING: [ProtegeOWLParser] Warning: Ignoring namespace prefix "ruleml" for existing prefix "swrl" -- DefaultProtegeOWLParserLogger.logWarning()
2010.11.02 19:44:41.016 CET INFO: [ProtegeOWLParser] Importing http://www.w3.org/2003/11/swrlb (from /home/dit-upm/Documents/NetBeansProjects/IRSReasonerDemostrador/plugins/edu.stanford.smi.protegex.owl/swrlb.owl) -- DefaultProtegeOWLParserLogger.logImport()
2010.11.02 19:44:41.299 CET INFO: [ProtegeOWLParser] Completed triple loading after 6644 ms -- ProtegeOWLParser.loadTriples()
2010.11.02 19:44:43.271 CET INFO: [TripleChangePostProcessor] Completed lists after 77 ms -- TripleChangePostProcessor.log()
2010.11.02 19:44:43.276 CET INFO: [TripleChangePostProcessor] Completed anonymous classes after 5 ms -- TripleChangePostProcessor.log()
2010.11.02 19:44:43.278 CET INFO: [TripleChangePostProcessor] Completed deprecated classes after 2 ms -- TripleChangePostProcessor.log()
2010.11.02 19:44:43.382 CET INFO: [TripleChangePostProcessor] Completed properties after 104 ms -- TripleChangePostProcessor.log()
2010.11.02 19:44:43.387 CET INFO: [TripleChangePostProcessor] Completed named classes after 5 ms -- TripleChangePostProcessor.log()
2010.11.02 19:44:43.962 CET INFO: ... Loading completed after 9307 ms -- ProtegeOWLParser.loadTriples()
