2010.05.13 11:56:59.061 CEST INFO: *** SYSTEM START ***
2010.05.13 11:56:59.797 CEST INFO: Loading triples -- ProtegeOWLParser.loadTriples()
2010.05.13 11:56:59.924 CEST INFO: Start processing ontology: http://dummy-ontologies.com/dummy.owl Time: Thu May 13 11:56:59 CEST 2010 -- ProtegeOWLParser.loadTriples()
2010.05.13 11:57:00.929 CEST INFO: Loaded 5000 triples -- ProtegeOWLParser$MyStatementHandler.statement()
2010.05.13 11:57:01.180 CEST INFO: [ProtegeOWLParser] Importing http://swrl.stanford.edu/ontologies/3.3/swrla.owl (from /home/dit-upm/Documents/NetBeansProjects/IRSReasonerDemostrador/plugins/edu.stanford.smi.protegex.owl/swrla.owl) -- DefaultProtegeOWLParserLogger.logImport()
2010.05.13 11:57:01.190 CEST INFO: [ProtegeOWLParser] Importing http://www.w3.org/2003/11/swrl (from /home/dit-upm/Documents/NetBeansProjects/IRSReasonerDemostrador/plugins/edu.stanford.smi.protegex.owl/swrl.owl) -- DefaultProtegeOWLParserLogger.logImport()
2010.05.13 11:57:01.192 CEST WARNING: [ProtegeOWLParser] Warning: Ignoring namespace prefix "ruleml" for existing prefix "swrl" -- DefaultProtegeOWLParserLogger.logWarning()
2010.05.13 11:57:01.245 CEST INFO: [ProtegeOWLParser] Importing http://www.w3.org/2003/11/swrlb (from /home/dit-upm/Documents/NetBeansProjects/IRSReasonerDemostrador/plugins/edu.stanford.smi.protegex.owl/swrlb.owl) -- DefaultProtegeOWLParserLogger.logImport()
2010.05.13 11:57:01.364 CEST INFO: [ProtegeOWLParser] Completed triple loading after 1440 ms -- ProtegeOWLParser.loadTriples()
2010.05.13 11:57:01.998 CEST INFO: [TripleChangePostProcessor] Completed lists after 4 ms -- TripleChangePostProcessor.log()
2010.05.13 11:57:02.002 CEST INFO: [TripleChangePostProcessor] Completed anonymous classes after 4 ms -- TripleChangePostProcessor.log()
2010.05.13 11:57:02.004 CEST INFO: [TripleChangePostProcessor] Completed deprecated classes after 1 ms -- TripleChangePostProcessor.log()
2010.05.13 11:57:02.025 CEST INFO: [TripleChangePostProcessor] Completed properties after 20 ms -- TripleChangePostProcessor.log()
2010.05.13 11:57:02.030 CEST INFO: [TripleChangePostProcessor] Completed named classes after 5 ms -- TripleChangePostProcessor.log()
2010.05.13 11:57:02.146 CEST INFO: ... Loading completed after 2221 ms -- ProtegeOWLParser.loadTriples()
2010.05.13 12:37:08.800 CEST INFO: *** SYSTEM START ***
2010.05.13 12:37:09.759 CEST INFO: Loading triples -- ProtegeOWLParser.loadTriples()
2010.05.13 12:37:09.897 CEST INFO: Start processing ontology: http://dummy-ontologies.com/dummy.owl Time: Thu May 13 12:37:09 CEST 2010 -- ProtegeOWLParser.loadTriples()
2010.05.13 12:37:11.097 CEST INFO: Loaded 5000 triples -- ProtegeOWLParser$MyStatementHandler.statement()
2010.05.13 12:37:11.397 CEST INFO: [ProtegeOWLParser] Importing http://swrl.stanford.edu/ontologies/3.3/swrla.owl (from /home/dit-upm/Documents/NetBeansProjects/IRSReasonerDemostrador/plugins/edu.stanford.smi.protegex.owl/swrla.owl) -- DefaultProtegeOWLParserLogger.logImport()
2010.05.13 12:37:11.406 CEST INFO: [ProtegeOWLParser] Importing http://www.w3.org/2003/11/swrl (from /home/dit-upm/Documents/NetBeansProjects/IRSReasonerDemostrador/plugins/edu.stanford.smi.protegex.owl/swrl.owl) -- DefaultProtegeOWLParserLogger.logImport()
2010.05.13 12:37:11.407 CEST WARNING: [ProtegeOWLParser] Warning: Ignoring namespace prefix "ruleml" for existing prefix "swrl" -- DefaultProtegeOWLParserLogger.logWarning()
2010.05.13 12:37:11.444 CEST INFO: [ProtegeOWLParser] Importing http://www.w3.org/2003/11/swrlb (from /home/dit-upm/Documents/NetBeansProjects/IRSReasonerDemostrador/plugins/edu.stanford.smi.protegex.owl/swrlb.owl) -- DefaultProtegeOWLParserLogger.logImport()
2010.05.13 12:37:11.481 CEST INFO: [ProtegeOWLParser] Completed triple loading after 1583 ms -- ProtegeOWLParser.loadTriples()
2010.05.13 12:37:12.002 CEST INFO: [TripleChangePostProcessor] Completed lists after 4 ms -- TripleChangePostProcessor.log()
2010.05.13 12:37:12.008 CEST INFO: [TripleChangePostProcessor] Completed anonymous classes after 6 ms -- TripleChangePostProcessor.log()
2010.05.13 12:37:12.010 CEST INFO: [TripleChangePostProcessor] Completed deprecated classes after 2 ms -- TripleChangePostProcessor.log()
2010.05.13 12:37:12.029 CEST INFO: [TripleChangePostProcessor] Completed properties after 19 ms -- TripleChangePostProcessor.log()
2010.05.13 12:37:12.035 CEST INFO: [TripleChangePostProcessor] Completed named classes after 6 ms -- TripleChangePostProcessor.log()
2010.05.13 12:37:12.163 CEST INFO: ... Loading completed after 2266 ms -- ProtegeOWLParser.loadTriples()
2010.05.13 15:33:18.144 CEST INFO: *** SYSTEM START ***
2010.05.13 15:33:18.896 CEST INFO: Loading triples -- ProtegeOWLParser.loadTriples()
2010.05.13 15:33:19.054 CEST INFO: Start processing ontology: http://dummy-ontologies.com/dummy.owl Time: Thu May 13 15:33:19 CEST 2010 -- ProtegeOWLParser.loadTriples()
2010.05.13 15:33:20.011 CEST INFO: Loaded 5000 triples -- ProtegeOWLParser$MyStatementHandler.statement()
2010.05.13 15:33:20.304 CEST INFO: [ProtegeOWLParser] Importing http://swrl.stanford.edu/ontologies/3.3/swrla.owl (from /home/dit-upm/Documents/NetBeansProjects/IRSReasonerDemostrador/plugins/edu.stanford.smi.protegex.owl/swrla.owl) -- DefaultProtegeOWLParserLogger.logImport()
2010.05.13 15:33:20.316 CEST INFO: [ProtegeOWLParser] Importing http://www.w3.org/2003/11/swrl (from /home/dit-upm/Documents/NetBeansProjects/IRSReasonerDemostrador/plugins/edu.stanford.smi.protegex.owl/swrl.owl) -- DefaultProtegeOWLParserLogger.logImport()
2010.05.13 15:33:20.317 CEST WARNING: [ProtegeOWLParser] Warning: Ignoring namespace prefix "ruleml" for existing prefix "swrl" -- DefaultProtegeOWLParserLogger.logWarning()
2010.05.13 15:33:20.356 CEST INFO: [ProtegeOWLParser] Importing http://www.w3.org/2003/11/swrlb (from /home/dit-upm/Documents/NetBeansProjects/IRSReasonerDemostrador/plugins/edu.stanford.smi.protegex.owl/swrlb.owl) -- DefaultProtegeOWLParserLogger.logImport()
2010.05.13 15:33:20.450 CEST INFO: [ProtegeOWLParser] Completed triple loading after 1396 ms -- ProtegeOWLParser.loadTriples()
2010.05.13 15:33:20.924 CEST INFO: [TripleChangePostProcessor] Completed lists after 4 ms -- TripleChangePostProcessor.log()
2010.05.13 15:33:20.929 CEST INFO: [TripleChangePostProcessor] Completed anonymous classes after 5 ms -- TripleChangePostProcessor.log()
2010.05.13 15:33:20.932 CEST INFO: [TripleChangePostProcessor] Completed deprecated classes after 3 ms -- TripleChangePostProcessor.log()
2010.05.13 15:33:20.951 CEST INFO: [TripleChangePostProcessor] Completed properties after 18 ms -- TripleChangePostProcessor.log()
2010.05.13 15:33:20.958 CEST INFO: [TripleChangePostProcessor] Completed named classes after 7 ms -- TripleChangePostProcessor.log()
2010.05.13 15:33:21.106 CEST INFO: ... Loading completed after 2052 ms -- ProtegeOWLParser.loadTriples()
2010.05.13 15:33:31.446 CEST INFO: *** SYSTEM START ***
2010.05.13 15:33:32.230 CEST INFO: Loading triples -- ProtegeOWLParser.loadTriples()
2010.05.13 15:33:32.385 CEST INFO: Start processing ontology: http://dummy-ontologies.com/dummy.owl Time: Thu May 13 15:33:32 CEST 2010 -- ProtegeOWLParser.loadTriples()
2010.05.13 15:33:33.451 CEST INFO: Loaded 5000 triples -- ProtegeOWLParser$MyStatementHandler.statement()
2010.05.13 15:33:33.694 CEST INFO: [ProtegeOWLParser] Importing http://swrl.stanford.edu/ontologies/3.3/swrla.owl (from /home/dit-upm/Documents/NetBeansProjects/IRSReasonerDemostrador/plugins/edu.stanford.smi.protegex.owl/swrla.owl) -- DefaultProtegeOWLParserLogger.logImport()
2010.05.13 15:33:33.705 CEST INFO: [ProtegeOWLParser] Importing http://www.w3.org/2003/11/swrl (from /home/dit-upm/Documents/NetBeansProjects/IRSReasonerDemostrador/plugins/edu.stanford.smi.protegex.owl/swrl.owl) -- DefaultProtegeOWLParserLogger.logImport()
2010.05.13 15:33:33.707 CEST WARNING: [ProtegeOWLParser] Warning: Ignoring namespace prefix "ruleml" for existing prefix "swrl" -- DefaultProtegeOWLParserLogger.logWarning()
2010.05.13 15:33:33.743 CEST INFO: [ProtegeOWLParser] Importing http://www.w3.org/2003/11/swrlb (from /home/dit-upm/Documents/NetBeansProjects/IRSReasonerDemostrador/plugins/edu.stanford.smi.protegex.owl/swrlb.owl) -- DefaultProtegeOWLParserLogger.logImport()
2010.05.13 15:33:33.805 CEST INFO: [ProtegeOWLParser] Completed triple loading after 1420 ms -- ProtegeOWLParser.loadTriples()
2010.05.13 15:33:34.245 CEST INFO: [TripleChangePostProcessor] Completed lists after 4 ms -- TripleChangePostProcessor.log()
2010.05.13 15:33:34.251 CEST INFO: [TripleChangePostProcessor] Completed anonymous classes after 5 ms -- TripleChangePostProcessor.log()
2010.05.13 15:33:34.252 CEST INFO: [TripleChangePostProcessor] Completed deprecated classes after 1 ms -- TripleChangePostProcessor.log()
2010.05.13 15:33:34.271 CEST INFO: [TripleChangePostProcessor] Completed properties after 19 ms -- TripleChangePostProcessor.log()
2010.05.13 15:33:34.276 CEST INFO: [TripleChangePostProcessor] Completed named classes after 5 ms -- TripleChangePostProcessor.log()
2010.05.13 15:33:34.409 CEST INFO: ... Loading completed after 2024 ms -- ProtegeOWLParser.loadTriples()
2010.05.13 15:33:45.845 CEST INFO: *** SYSTEM START ***
2010.05.13 15:33:57.752 CEST INFO: *** SYSTEM START ***
2010.05.13 15:33:58.508 CEST INFO: Loading triples -- ProtegeOWLParser.loadTriples()
2010.05.13 15:33:58.612 CEST INFO: Start processing ontology: http://dummy-ontologies.com/dummy.owl Time: Thu May 13 15:33:58 CEST 2010 -- ProtegeOWLParser.loadTriples()
2010.05.13 15:33:59.582 CEST INFO: Loaded 5000 triples -- ProtegeOWLParser$MyStatementHandler.statement()
2010.05.13 15:33:59.799 CEST INFO: [ProtegeOWLParser] Importing http://swrl.stanford.edu/ontologies/3.3/swrla.owl (from /home/dit-upm/Documents/NetBeansProjects/IRSReasonerDemostrador/plugins/edu.stanford.smi.protegex.owl/swrla.owl) -- DefaultProtegeOWLParserLogger.logImport()
2010.05.13 15:33:59.810 CEST INFO: [ProtegeOWLParser] Importing http://www.w3.org/2003/11/swrl (from /home/dit-upm/Documents/NetBeansProjects/IRSReasonerDemostrador/plugins/edu.stanford.smi.protegex.owl/swrl.owl) -- DefaultProtegeOWLParserLogger.logImport()
2010.05.13 15:33:59.812 CEST WARNING: [ProtegeOWLParser] Warning: Ignoring namespace prefix "ruleml" for existing prefix "swrl" -- DefaultProtegeOWLParserLogger.logWarning()
2010.05.13 15:33:59.855 CEST INFO: [ProtegeOWLParser] Importing http://www.w3.org/2003/11/swrlb (from /home/dit-upm/Documents/NetBeansProjects/IRSReasonerDemostrador/plugins/edu.stanford.smi.protegex.owl/swrlb.owl) -- DefaultProtegeOWLParserLogger.logImport()
2010.05.13 15:33:59.949 CEST INFO: [ProtegeOWLParser] Completed triple loading after 1336 ms -- ProtegeOWLParser.loadTriples()
2010.05.13 15:34:00.432 CEST INFO: [TripleChangePostProcessor] Completed lists after 5 ms -- TripleChangePostProcessor.log()
2010.05.13 15:34:00.437 CEST INFO: [TripleChangePostProcessor] Completed anonymous classes after 5 ms -- TripleChangePostProcessor.log()
2010.05.13 15:34:00.438 CEST INFO: [TripleChangePostProcessor] Completed deprecated classes after 1 ms -- TripleChangePostProcessor.log()
2010.05.13 15:34:00.459 CEST INFO: [TripleChangePostProcessor] Completed properties after 21 ms -- TripleChangePostProcessor.log()
2010.05.13 15:34:00.467 CEST INFO: [TripleChangePostProcessor] Completed named classes after 8 ms -- TripleChangePostProcessor.log()
2010.05.13 15:34:00.648 CEST INFO: ... Loading completed after 2036 ms -- ProtegeOWLParser.loadTriples()
2010.05.17 16:32:35.885 CEST INFO: *** SYSTEM START ***
2010.05.17 16:32:36.662 CEST INFO: Loading triples -- ProtegeOWLParser.loadTriples()
2010.05.17 16:32:36.734 CEST INFO: Start processing ontology: http://dummy-ontologies.com/dummy.owl Time: Mon May 17 16:32:36 CEST 2010 -- ProtegeOWLParser.loadTriples()
2010.05.17 16:32:37.778 CEST INFO: Loaded 5000 triples -- ProtegeOWLParser$MyStatementHandler.statement()
2010.05.17 16:32:38.027 CEST INFO: [ProtegeOWLParser] Importing http://www.w3.org/2003/11/swrl (from /home/dit-upm/Documents/NetBeansProjects/IRSReasonerDemostrador/plugins/edu.stanford.smi.protegex.owl/swrl.owl) -- DefaultProtegeOWLParserLogger.logImport()
2010.05.17 16:32:38.029 CEST WARNING: [ProtegeOWLParser] Warning: Ignoring namespace prefix "ruleml" for existing prefix "swrl" -- DefaultProtegeOWLParserLogger.logWarning()
2010.05.17 16:32:38.078 CEST INFO: [ProtegeOWLParser] Importing http://www.w3.org/2003/11/swrlb (from /home/dit-upm/Documents/NetBeansProjects/IRSReasonerDemostrador/plugins/edu.stanford.smi.protegex.owl/swrlb.owl) -- DefaultProtegeOWLParserLogger.logImport()
2010.05.17 16:32:38.133 CEST INFO: [ProtegeOWLParser] Importing http://swrl.stanford.edu/ontologies/3.3/swrla.owl (from /home/dit-upm/Documents/NetBeansProjects/IRSReasonerDemostrador/plugins/edu.stanford.smi.protegex.owl/swrla.owl) -- DefaultProtegeOWLParserLogger.logImport()
2010.05.17 16:32:38.138 CEST INFO: [ProtegeOWLParser] Completed triple loading after 1405 ms -- ProtegeOWLParser.loadTriples()
2010.05.17 16:32:38.632 CEST INFO: [TripleChangePostProcessor] Completed lists after 5 ms -- TripleChangePostProcessor.log()
2010.05.17 16:32:38.638 CEST INFO: [TripleChangePostProcessor] Completed anonymous classes after 6 ms -- TripleChangePostProcessor.log()
2010.05.17 16:32:38.639 CEST INFO: [TripleChangePostProcessor] Completed deprecated classes after 1 ms -- TripleChangePostProcessor.log()
2010.05.17 16:32:38.663 CEST INFO: [TripleChangePostProcessor] Completed properties after 22 ms -- TripleChangePostProcessor.log()
2010.05.17 16:32:38.669 CEST INFO: [TripleChangePostProcessor] Completed named classes after 5 ms -- TripleChangePostProcessor.log()
2010.05.17 16:32:38.804 CEST INFO: ... Loading completed after 2070 ms -- ProtegeOWLParser.loadTriples()
2010.05.24 18:28:08.824 CEST INFO: *** SYSTEM START ***
2010.05.24 18:28:09.630 CEST INFO: Loading triples -- ProtegeOWLParser.loadTriples()
2010.05.24 18:28:09.710 CEST INFO: Start processing ontology: http://dummy-ontologies.com/dummy.owl Time: Mon May 24 18:28:09 CEST 2010 -- ProtegeOWLParser.loadTriples()
2010.05.24 18:28:10.765 CEST INFO: Loaded 5000 triples -- ProtegeOWLParser$MyStatementHandler.statement()
2010.05.24 18:28:10.996 CEST INFO: [ProtegeOWLParser] Importing http://swrl.stanford.edu/ontologies/3.3/swrla.owl (from /home/dit-upm/Documents/NetBeansProjects/IRSReasonerDemostrador/plugins/edu.stanford.smi.protegex.owl/swrla.owl) -- DefaultProtegeOWLParserLogger.logImport()
2010.05.24 18:28:11.006 CEST INFO: [ProtegeOWLParser] Importing http://www.w3.org/2003/11/swrl (from /home/dit-upm/Documents/NetBeansProjects/IRSReasonerDemostrador/plugins/edu.stanford.smi.protegex.owl/swrl.owl) -- DefaultProtegeOWLParserLogger.logImport()
2010.05.24 18:28:11.008 CEST WARNING: [ProtegeOWLParser] Warning: Ignoring namespace prefix "ruleml" for existing prefix "swrl" -- DefaultProtegeOWLParserLogger.logWarning()
2010.05.24 18:28:11.043 CEST INFO: [ProtegeOWLParser] Importing http://www.w3.org/2003/11/swrlb (from /home/dit-upm/Documents/NetBeansProjects/IRSReasonerDemostrador/plugins/edu.stanford.smi.protegex.owl/swrlb.owl) -- DefaultProtegeOWLParserLogger.logImport()
2010.05.24 18:28:11.078 CEST INFO: [ProtegeOWLParser] Completed triple loading after 1368 ms -- ProtegeOWLParser.loadTriples()
2010.05.24 18:28:11.567 CEST INFO: [TripleChangePostProcessor] Completed lists after 6 ms -- TripleChangePostProcessor.log()
2010.05.24 18:28:11.573 CEST INFO: [TripleChangePostProcessor] Completed anonymous classes after 6 ms -- TripleChangePostProcessor.log()
2010.05.24 18:28:11.574 CEST INFO: [TripleChangePostProcessor] Completed deprecated classes after 1 ms -- TripleChangePostProcessor.log()
2010.05.24 18:28:11.595 CEST INFO: [TripleChangePostProcessor] Completed properties after 21 ms -- TripleChangePostProcessor.log()
2010.05.24 18:28:11.601 CEST INFO: [TripleChangePostProcessor] Completed named classes after 6 ms -- TripleChangePostProcessor.log()
2010.05.24 18:28:11.808 CEST INFO: ... Loading completed after 2098 ms -- ProtegeOWLParser.loadTriples()
2010.05.24 19:17:34.728 CEST INFO: *** SYSTEM START ***
2010.05.24 19:17:35.507 CEST INFO: Loading triples -- ProtegeOWLParser.loadTriples()
2010.05.24 19:17:35.606 CEST INFO: Start processing ontology: http://dummy-ontologies.com/dummy.owl Time: Mon May 24 19:17:35 CEST 2010 -- ProtegeOWLParser.loadTriples()
2010.05.24 19:17:36.746 CEST INFO: Loaded 5000 triples -- ProtegeOWLParser$MyStatementHandler.statement()
2010.05.24 19:17:37.079 CEST INFO: [ProtegeOWLParser] Importing http://swrl.stanford.edu/ontologies/3.3/swrla.owl (from /home/dit-upm/Documents/NetBeansProjects/IRSReasonerDemostrador/plugins/edu.stanford.smi.protegex.owl/swrla.owl) -- DefaultProtegeOWLParserLogger.logImport()
2010.05.24 19:17:37.097 CEST INFO: [ProtegeOWLParser] Importing http://www.w3.org/2003/11/swrl (from /home/dit-upm/Documents/NetBeansProjects/IRSReasonerDemostrador/plugins/edu.stanford.smi.protegex.owl/swrl.owl) -- DefaultProtegeOWLParserLogger.logImport()
2010.05.24 19:17:37.098 CEST WARNING: [ProtegeOWLParser] Warning: Ignoring namespace prefix "ruleml" for existing prefix "swrl" -- DefaultProtegeOWLParserLogger.logWarning()
2010.05.24 19:17:37.157 CEST INFO: [ProtegeOWLParser] Importing http://www.w3.org/2003/11/swrlb (from /home/dit-upm/Documents/NetBeansProjects/IRSReasonerDemostrador/plugins/edu.stanford.smi.protegex.owl/swrlb.owl) -- DefaultProtegeOWLParserLogger.logImport()
2010.05.24 19:17:37.220 CEST INFO: [ProtegeOWLParser] Completed triple loading after 1615 ms -- ProtegeOWLParser.loadTriples()
2010.05.24 19:17:37.553 CEST INFO: [TripleChangePostProcessor] Completed lists after 3 ms -- TripleChangePostProcessor.log()
2010.05.24 19:17:37.558 CEST INFO: [TripleChangePostProcessor] Completed anonymous classes after 5 ms -- TripleChangePostProcessor.log()
2010.05.24 19:17:37.560 CEST INFO: [TripleChangePostProcessor] Completed deprecated classes after 1 ms -- TripleChangePostProcessor.log()
2010.05.24 19:17:37.592 CEST INFO: [TripleChangePostProcessor] Completed properties after 32 ms -- TripleChangePostProcessor.log()
2010.05.24 19:17:37.598 CEST INFO: [TripleChangePostProcessor] Completed named classes after 5 ms -- TripleChangePostProcessor.log()
2010.05.24 19:17:37.719 CEST INFO: ... Loading completed after 2114 ms -- ProtegeOWLParser.loadTriples()
2010.11.02 15:11:27.530 CET INFO: *** SYSTEM START ***
2010.11.02 15:11:28.421 CET INFO: Loading triples -- ProtegeOWLParser.loadTriples()
2010.11.02 15:11:28.547 CET INFO: Start processing ontology: http://dummy-ontologies.com/dummy.owl Time: Tue Nov 02 15:11:28 CET 2010 -- ProtegeOWLParser.loadTriples()
2010.11.02 15:11:29.724 CET INFO: Loaded 5000 triples -- ProtegeOWLParser$MyStatementHandler.statement()
2010.11.02 15:11:30.034 CET INFO: [ProtegeOWLParser] Importing http://swrl.stanford.edu/ontologies/3.3/swrla.owl (from /home/dit-upm/Documents/NetBeansProjects/IRSReasonerDemostrador/plugins/edu.stanford.smi.protegex.owl/swrla.owl) -- DefaultProtegeOWLParserLogger.logImport()
2010.11.02 15:11:30.060 CET INFO: [ProtegeOWLParser] Importing http://www.w3.org/2003/11/swrl (from /home/dit-upm/Documents/NetBeansProjects/IRSReasonerDemostrador/plugins/edu.stanford.smi.protegex.owl/swrl.owl) -- DefaultProtegeOWLParserLogger.logImport()
2010.11.02 15:11:30.061 CET WARNING: [ProtegeOWLParser] Warning: Ignoring namespace prefix "ruleml" for existing prefix "swrl" -- DefaultProtegeOWLParserLogger.logWarning()
2010.11.02 15:11:30.207 CET INFO: [ProtegeOWLParser] Importing http://www.w3.org/2003/11/swrlb (from /home/dit-upm/Documents/NetBeansProjects/IRSReasonerDemostrador/plugins/edu.stanford.smi.protegex.owl/swrlb.owl) -- DefaultProtegeOWLParserLogger.logImport()
2010.11.02 15:11:30.263 CET INFO: [ProtegeOWLParser] Completed triple loading after 1705 ms -- ProtegeOWLParser.loadTriples()
2010.11.02 15:11:30.565 CET INFO: [TripleChangePostProcessor] Completed lists after 3 ms -- TripleChangePostProcessor.log()
2010.11.02 15:11:30.571 CET INFO: [TripleChangePostProcessor] Completed anonymous classes after 6 ms -- TripleChangePostProcessor.log()
2010.11.02 15:11:30.573 CET INFO: [TripleChangePostProcessor] Completed deprecated classes after 2 ms -- TripleChangePostProcessor.log()
2010.11.02 15:11:30.590 CET INFO: [TripleChangePostProcessor] Completed properties after 17 ms -- TripleChangePostProcessor.log()
2010.11.02 15:11:30.596 CET INFO: [TripleChangePostProcessor] Completed named classes after 5 ms -- TripleChangePostProcessor.log()
2010.11.02 15:11:30.703 CET INFO: ... Loading completed after 2155 ms -- ProtegeOWLParser.loadTriples()
2010.11.02 16:05:30.193 CET INFO: *** SYSTEM START ***
2010.11.02 16:05:31.066 CET INFO: Loading triples -- ProtegeOWLParser.loadTriples()
2010.11.02 16:05:31.153 CET INFO: Start processing ontology: http://dummy-ontologies.com/dummy.owl Time: Tue Nov 02 16:05:31 CET 2010 -- ProtegeOWLParser.loadTriples()
2010.11.02 16:05:32.236 CET INFO: Loaded 5000 triples -- ProtegeOWLParser$MyStatementHandler.statement()
2010.11.02 16:05:32.486 CET INFO: [ProtegeOWLParser] Importing http://swrl.stanford.edu/ontologies/3.3/swrla.owl (from /home/dit-upm/Documents/NetBeansProjects/IRSReasonerDemostrador/plugins/edu.stanford.smi.protegex.owl/swrla.owl) -- DefaultProtegeOWLParserLogger.logImport()
2010.11.02 16:05:32.497 CET INFO: [ProtegeOWLParser] Importing http://www.w3.org/2003/11/swrl (from /home/dit-upm/Documents/NetBeansProjects/IRSReasonerDemostrador/plugins/edu.stanford.smi.protegex.owl/swrl.owl) -- DefaultProtegeOWLParserLogger.logImport()
2010.11.02 16:05:32.498 CET WARNING: [ProtegeOWLParser] Warning: Ignoring namespace prefix "ruleml" for existing prefix "swrl" -- DefaultProtegeOWLParserLogger.logWarning()
2010.11.02 16:05:32.534 CET INFO: [ProtegeOWLParser] Importing http://www.w3.org/2003/11/swrlb (from /home/dit-upm/Documents/NetBeansProjects/IRSReasonerDemostrador/plugins/edu.stanford.smi.protegex.owl/swrlb.owl) -- DefaultProtegeOWLParserLogger.logImport()
2010.11.02 16:05:32.574 CET INFO: [ProtegeOWLParser] Completed triple loading after 1421 ms -- ProtegeOWLParser.loadTriples()
2010.11.02 16:05:33.085 CET INFO: [TripleChangePostProcessor] Completed lists after 4 ms -- TripleChangePostProcessor.log()
2010.11.02 16:05:33.093 CET INFO: [TripleChangePostProcessor] Completed anonymous classes after 8 ms -- TripleChangePostProcessor.log()
2010.11.02 16:05:33.095 CET INFO: [TripleChangePostProcessor] Completed deprecated classes after 2 ms -- TripleChangePostProcessor.log()
2010.11.02 16:05:33.116 CET INFO: [TripleChangePostProcessor] Completed properties after 21 ms -- TripleChangePostProcessor.log()
2010.11.02 16:05:33.121 CET INFO: [TripleChangePostProcessor] Completed named classes after 5 ms -- TripleChangePostProcessor.log()
2010.11.02 16:05:33.251 CET INFO: ... Loading completed after 2091 ms -- ProtegeOWLParser.loadTriples()
2010.11.02 16:22:17.422 CET INFO: *** SYSTEM START ***
2010.11.02 16:22:18.231 CET INFO: Loading triples -- ProtegeOWLParser.loadTriples()
2010.11.02 16:22:18.301 CET INFO: Start processing ontology: http://dummy-ontologies.com/dummy.owl Time: Tue Nov 02 16:22:18 CET 2010 -- ProtegeOWLParser.loadTriples()
2010.11.02 16:22:19.259 CET INFO: Loaded 5000 triples -- ProtegeOWLParser$MyStatementHandler.statement()
2010.11.02 16:22:19.522 CET INFO: [ProtegeOWLParser] Importing http://swrl.stanford.edu/ontologies/3.3/swrla.owl (from /home/dit-upm/Documents/NetBeansProjects/IRSReasonerDemostrador/plugins/edu.stanford.smi.protegex.owl/swrla.owl) -- DefaultProtegeOWLParserLogger.logImport()
2010.11.02 16:22:19.530 CET INFO: [ProtegeOWLParser] Importing http://www.w3.org/2003/11/swrl (from /home/dit-upm/Documents/NetBeansProjects/IRSReasonerDemostrador/plugins/edu.stanford.smi.protegex.owl/swrl.owl) -- DefaultProtegeOWLParserLogger.logImport()
2010.11.02 16:22:19.532 CET WARNING: [ProtegeOWLParser] Warning: Ignoring namespace prefix "ruleml" for existing prefix "swrl" -- DefaultProtegeOWLParserLogger.logWarning()
2010.11.02 16:22:19.575 CET INFO: [ProtegeOWLParser] Importing http://www.w3.org/2003/11/swrlb (from /home/dit-upm/Documents/NetBeansProjects/IRSReasonerDemostrador/plugins/edu.stanford.smi.protegex.owl/swrlb.owl) -- DefaultProtegeOWLParserLogger.logImport()
2010.11.02 16:22:19.620 CET INFO: [ProtegeOWLParser] Completed triple loading after 1319 ms -- ProtegeOWLParser.loadTriples()
2010.11.02 16:22:20.137 CET INFO: [TripleChangePostProcessor] Completed lists after 6 ms -- TripleChangePostProcessor.log()
2010.11.02 16:22:20.145 CET INFO: [TripleChangePostProcessor] Completed anonymous classes after 6 ms -- TripleChangePostProcessor.log()
2010.11.02 16:22:20.146 CET INFO: [TripleChangePostProcessor] Completed deprecated classes after 1 ms -- TripleChangePostProcessor.log()
2010.11.02 16:22:20.174 CET INFO: [TripleChangePostProcessor] Completed properties after 27 ms -- TripleChangePostProcessor.log()
2010.11.02 16:22:20.185 CET INFO: [TripleChangePostProcessor] Completed named classes after 11 ms -- TripleChangePostProcessor.log()
2010.11.02 16:22:20.437 CET INFO: ... Loading completed after 2136 ms -- ProtegeOWLParser.loadTriples()
2010.11.02 18:22:05.954 CET INFO: *** SYSTEM START ***
2010.11.02 18:22:06.826 CET INFO: Loading triples -- ProtegeOWLParser.loadTriples()
2010.11.02 18:22:06.902 CET INFO: Start processing ontology: http://dummy-ontologies.com/dummy.owl Time: Tue Nov 02 18:22:06 CET 2010 -- ProtegeOWLParser.loadTriples()
2010.11.02 18:22:08.069 CET INFO: Loaded 5000 triples -- ProtegeOWLParser$MyStatementHandler.statement()
2010.11.02 18:22:08.566 CET INFO: [ProtegeOWLParser] Importing http://swrl.stanford.edu/ontologies/3.3/swrla.owl (from /home/dit-upm/Documents/NetBeansProjects/IRSReasonerDemostrador/plugins/edu.stanford.smi.protegex.owl/swrla.owl) -- DefaultProtegeOWLParserLogger.logImport()
2010.11.02 18:22:08.588 CET INFO: [ProtegeOWLParser] Importing http://www.w3.org/2003/11/swrl (from /home/dit-upm/Documents/NetBeansProjects/IRSReasonerDemostrador/plugins/edu.stanford.smi.protegex.owl/swrl.owl) -- DefaultProtegeOWLParserLogger.logImport()
2010.11.02 18:22:08.614 CET WARNING: [ProtegeOWLParser] Warning: Ignoring namespace prefix "ruleml" for existing prefix "swrl" -- DefaultProtegeOWLParserLogger.logWarning()
2010.11.02 18:22:08.672 CET INFO: [ProtegeOWLParser] Importing http://www.w3.org/2003/11/swrlb (from /home/dit-upm/Documents/NetBeansProjects/IRSReasonerDemostrador/plugins/edu.stanford.smi.protegex.owl/swrlb.owl) -- DefaultProtegeOWLParserLogger.logImport()
2010.11.02 18:22:08.841 CET INFO: [ProtegeOWLParser] Completed triple loading after 1939 ms -- ProtegeOWLParser.loadTriples()
2010.11.02 18:22:10.123 CET INFO: [TripleChangePostProcessor] Completed lists after 7 ms -- TripleChangePostProcessor.log()
2010.11.02 18:22:10.131 CET INFO: [TripleChangePostProcessor] Completed anonymous classes after 7 ms -- TripleChangePostProcessor.log()
2010.11.02 18:22:10.132 CET INFO: [TripleChangePostProcessor] Completed deprecated classes after 1 ms -- TripleChangePostProcessor.log()
2010.11.02 18:22:10.160 CET INFO: [TripleChangePostProcessor] Completed properties after 28 ms -- TripleChangePostProcessor.log()
2010.11.02 18:22:10.167 CET INFO: [TripleChangePostProcessor] Completed named classes after 7 ms -- TripleChangePostProcessor.log()
2010.11.02 18:22:10.457 CET INFO: ... Loading completed after 3555 ms -- ProtegeOWLParser.loadTriples()
2010.11.02 18:25:31.827 CET INFO: *** SYSTEM START ***
2010.11.02 18:25:32.660 CET INFO: Loading triples -- ProtegeOWLParser.loadTriples()
2010.11.02 18:25:32.759 CET INFO: Start processing ontology: http://dummy-ontologies.com/dummy.owl Time: Tue Nov 02 18:25:32 CET 2010 -- ProtegeOWLParser.loadTriples()
2010.11.02 18:25:33.716 CET INFO: Loaded 5000 triples -- ProtegeOWLParser$MyStatementHandler.statement()
2010.11.02 18:25:33.907 CET INFO: [ProtegeOWLParser] Importing http://swrl.stanford.edu/ontologies/3.3/swrla.owl (from /home/dit-upm/Documents/NetBeansProjects/IRSReasonerDemostrador/plugins/edu.stanford.smi.protegex.owl/swrla.owl) -- DefaultProtegeOWLParserLogger.logImport()
2010.11.02 18:25:33.916 CET INFO: [ProtegeOWLParser] Importing http://www.w3.org/2003/11/swrl (from /home/dit-upm/Documents/NetBeansProjects/IRSReasonerDemostrador/plugins/edu.stanford.smi.protegex.owl/swrl.owl) -- DefaultProtegeOWLParserLogger.logImport()
2010.11.02 18:25:33.918 CET WARNING: [ProtegeOWLParser] Warning: Ignoring namespace prefix "ruleml" for existing prefix "swrl" -- DefaultProtegeOWLParserLogger.logWarning()
2010.11.02 18:25:33.954 CET INFO: [ProtegeOWLParser] Importing http://www.w3.org/2003/11/swrlb (from /home/dit-upm/Documents/NetBeansProjects/IRSReasonerDemostrador/plugins/edu.stanford.smi.protegex.owl/swrlb.owl) -- DefaultProtegeOWLParserLogger.logImport()
2010.11.02 18:25:33.991 CET INFO: [ProtegeOWLParser] Completed triple loading after 1232 ms -- ProtegeOWLParser.loadTriples()
2010.11.02 18:25:34.501 CET INFO: [TripleChangePostProcessor] Completed lists after 5 ms -- TripleChangePostProcessor.log()
2010.11.02 18:25:34.507 CET INFO: [TripleChangePostProcessor] Completed anonymous classes after 5 ms -- TripleChangePostProcessor.log()
2010.11.02 18:25:34.508 CET INFO: [TripleChangePostProcessor] Completed deprecated classes after 1 ms -- TripleChangePostProcessor.log()
2010.11.02 18:25:34.526 CET INFO: [TripleChangePostProcessor] Completed properties after 17 ms -- TripleChangePostProcessor.log()
2010.11.02 18:25:34.533 CET INFO: [TripleChangePostProcessor] Completed named classes after 5 ms -- TripleChangePostProcessor.log()
2010.11.02 18:25:34.673 CET INFO: ... Loading completed after 1914 ms -- ProtegeOWLParser.loadTriples()
2011.01.10 17:59:04.957 CET INFO: *** SYSTEM START ***
2011.01.10 17:59:06.001 CET INFO: Loading triples -- ProtegeOWLParser.loadTriples()
2011.01.10 17:59:06.100 CET INFO: Start processing ontology: http://dummy-ontologies.com/dummy.owl Time: Mon Jan 10 17:59:06 CET 2011 -- ProtegeOWLParser.loadTriples()
2011.01.10 17:59:07.862 CET INFO: Loaded 5000 triples -- ProtegeOWLParser$MyStatementHandler.statement()
2011.01.10 17:59:08.372 CET INFO: [ProtegeOWLParser] Importing http://www.w3.org/2003/11/swrl (from /home/vmateos/Documents/NetBeansProjects/IRSReasonerDemostrador/plugins/edu.stanford.smi.protegex.owl/swrl.owl) -- DefaultProtegeOWLParserLogger.logImport()
2011.01.10 17:59:08.380 CET WARNING: [ProtegeOWLParser] Warning: Ignoring namespace prefix "ruleml" for existing prefix "swrl" -- DefaultProtegeOWLParserLogger.logWarning()
2011.01.10 17:59:08.440 CET INFO: [ProtegeOWLParser] Importing http://www.w3.org/2003/11/swrlb (from /home/vmateos/Documents/NetBeansProjects/IRSReasonerDemostrador/plugins/edu.stanford.smi.protegex.owl/swrlb.owl) -- DefaultProtegeOWLParserLogger.logImport()
2011.01.10 17:59:08.501 CET INFO: [ProtegeOWLParser] Importing http://swrl.stanford.edu/ontologies/3.3/swrla.owl (from /home/vmateos/Documents/NetBeansProjects/IRSReasonerDemostrador/plugins/edu.stanford.smi.protegex.owl/swrla.owl) -- DefaultProtegeOWLParserLogger.logImport()
2011.01.10 17:59:08.597 CET INFO: [ProtegeOWLParser] Completed triple loading after 2497 ms -- ProtegeOWLParser.loadTriples()
2011.01.10 17:59:09.239 CET INFO: [TripleChangePostProcessor] Completed lists after 9 ms -- TripleChangePostProcessor.log()
2011.01.10 17:59:09.246 CET INFO: [TripleChangePostProcessor] Completed anonymous classes after 6 ms -- TripleChangePostProcessor.log()
2011.01.10 17:59:09.249 CET INFO: [TripleChangePostProcessor] Completed deprecated classes after 2 ms -- TripleChangePostProcessor.log()
2011.01.10 17:59:09.288 CET INFO: [TripleChangePostProcessor] Completed properties after 38 ms -- TripleChangePostProcessor.log()
2011.01.10 17:59:09.301 CET INFO: [TripleChangePostProcessor] Completed named classes after 12 ms -- TripleChangePostProcessor.log()
2011.01.10 17:59:09.500 CET INFO: ... Loading completed after 3400 ms -- ProtegeOWLParser.loadTriples()
2011.01.10 17:59:24.620 CET INFO: *** SYSTEM START ***
2011.01.10 17:59:25.626 CET INFO: Loading triples -- ProtegeOWLParser.loadTriples()
2011.01.10 17:59:25.720 CET INFO: Start processing ontology: http://dummy-ontologies.com/dummy.owl Time: Mon Jan 10 17:59:25 CET 2011 -- ProtegeOWLParser.loadTriples()
2011.01.10 17:59:27.310 CET INFO: Loaded 5000 triples -- ProtegeOWLParser$MyStatementHandler.statement()
2011.01.10 17:59:27.601 CET INFO: [ProtegeOWLParser] Importing http://www.w3.org/2003/11/swrl (from /home/vmateos/Documents/NetBeansProjects/IRSReasonerDemostrador/plugins/edu.stanford.smi.protegex.owl/swrl.owl) -- DefaultProtegeOWLParserLogger.logImport()
2011.01.10 17:59:27.606 CET WARNING: [ProtegeOWLParser] Warning: Ignoring namespace prefix "ruleml" for existing prefix "swrl" -- DefaultProtegeOWLParserLogger.logWarning()
2011.01.10 17:59:27.650 CET INFO: [ProtegeOWLParser] Importing http://www.w3.org/2003/11/swrlb (from /home/vmateos/Documents/NetBeansProjects/IRSReasonerDemostrador/plugins/edu.stanford.smi.protegex.owl/swrlb.owl) -- DefaultProtegeOWLParserLogger.logImport()
2011.01.10 17:59:27.692 CET INFO: [ProtegeOWLParser] Importing http://swrl.stanford.edu/ontologies/3.3/swrla.owl (from /home/vmateos/Documents/NetBeansProjects/IRSReasonerDemostrador/plugins/edu.stanford.smi.protegex.owl/swrla.owl) -- DefaultProtegeOWLParserLogger.logImport()
2011.01.10 17:59:27.762 CET INFO: [ProtegeOWLParser] Completed triple loading after 2042 ms -- ProtegeOWLParser.loadTriples()
2011.01.10 17:59:28.402 CET INFO: [TripleChangePostProcessor] Completed lists after 26 ms -- TripleChangePostProcessor.log()
2011.01.10 17:59:28.418 CET INFO: [TripleChangePostProcessor] Completed anonymous classes after 12 ms -- TripleChangePostProcessor.log()
2011.01.10 17:59:28.423 CET INFO: [TripleChangePostProcessor] Completed deprecated classes after 5 ms -- TripleChangePostProcessor.log()
2011.01.10 17:59:28.486 CET INFO: [TripleChangePostProcessor] Completed properties after 61 ms -- TripleChangePostProcessor.log()
2011.01.10 17:59:28.504 CET INFO: [TripleChangePostProcessor] Completed named classes after 17 ms -- TripleChangePostProcessor.log()
2011.01.10 17:59:28.857 CET INFO: ... Loading completed after 3138 ms -- ProtegeOWLParser.loadTriples()
2011.02.08 15:45:29.248 CET INFO: *** SYSTEM START ***
2011.02.08 15:45:32.027 CET INFO: Loading triples -- ProtegeOWLParser.loadTriples()
2011.02.08 15:45:32.273 CET INFO: Start processing ontology: http://dummy-ontologies.com/dummy.owl Time: Tue Feb 08 15:45:32 CET 2011 -- ProtegeOWLParser.loadTriples()
2011.02.08 15:45:34.942 CET INFO: Loaded 5000 triples -- ProtegeOWLParser$MyStatementHandler.statement()
2011.02.08 15:45:36.580 CET INFO: [ProtegeOWLParser] Importing http://www.w3.org/2003/11/swrl (from /home/vmateos/Documents/NetBeansProjects/IRSReasonerDemostrador/plugins/edu.stanford.smi.protegex.owl/swrl.owl) -- DefaultProtegeOWLParserLogger.logImport()
2011.02.08 15:45:36.584 CET WARNING: [ProtegeOWLParser] Warning: Ignoring namespace prefix "ruleml" for existing prefix "swrl" -- DefaultProtegeOWLParserLogger.logWarning()
2011.02.08 15:45:36.663 CET INFO: [ProtegeOWLParser] Importing http://www.w3.org/2003/11/swrlb (from /home/vmateos/Documents/NetBeansProjects/IRSReasonerDemostrador/plugins/edu.stanford.smi.protegex.owl/swrlb.owl) -- DefaultProtegeOWLParserLogger.logImport()
2011.02.08 15:45:36.750 CET INFO: [ProtegeOWLParser] Importing http://swrl.stanford.edu/ontologies/3.3/swrla.owl (from /home/vmateos/Documents/NetBeansProjects/IRSReasonerDemostrador/plugins/edu.stanford.smi.protegex.owl/swrla.owl) -- DefaultProtegeOWLParserLogger.logImport()
2011.02.08 15:45:36.875 CET INFO: [ProtegeOWLParser] Completed triple loading after 4603 ms -- ProtegeOWLParser.loadTriples()
2011.02.08 15:45:37.644 CET INFO: [TripleChangePostProcessor] Completed lists after 9 ms -- TripleChangePostProcessor.log()
2011.02.08 15:45:37.659 CET INFO: [TripleChangePostProcessor] Completed anonymous classes after 15 ms -- TripleChangePostProcessor.log()
2011.02.08 15:45:37.671 CET INFO: [TripleChangePostProcessor] Completed deprecated classes after 12 ms -- TripleChangePostProcessor.log()
2011.02.08 15:45:37.725 CET INFO: [TripleChangePostProcessor] Completed properties after 52 ms -- TripleChangePostProcessor.log()
2011.02.08 15:45:37.740 CET INFO: [TripleChangePostProcessor] Completed named classes after 15 ms -- TripleChangePostProcessor.log()
2011.02.08 15:45:37.955 CET INFO: ... Loading completed after 5682 ms -- ProtegeOWLParser.loadTriples()
2011.03.21 20:24:56.047 CET INFO: *** SYSTEM START ***
2011.03.21 20:24:57.294 CET INFO: Loading triples -- ProtegeOWLParser.loadTriples()
2011.03.21 20:24:57.448 CET INFO: Start processing ontology: http://dummy-ontologies.com/dummy.owl Time: Mon Mar 21 20:24:57 CET 2011 -- ProtegeOWLParser.loadTriples()
2011.03.21 20:24:59.326 CET INFO: Loaded 5000 triples -- ProtegeOWLParser$MyStatementHandler.statement()
2011.03.21 20:24:59.720 CET INFO: [ProtegeOWLParser] Importing http://swrl.stanford.edu/ontologies/3.3/swrla.owl (from /home/vmateos/Documents/NetBeansProjects/IRSReasonerDemostrador/plugins/edu.stanford.smi.protegex.owl/swrla.owl) -- DefaultProtegeOWLParserLogger.logImport()
2011.03.21 20:24:59.737 CET INFO: [ProtegeOWLParser] Importing http://www.w3.org/2003/11/swrl (from /home/vmateos/Documents/NetBeansProjects/IRSReasonerDemostrador/plugins/edu.stanford.smi.protegex.owl/swrl.owl) -- DefaultProtegeOWLParserLogger.logImport()
2011.03.21 20:24:59.741 CET WARNING: [ProtegeOWLParser] Warning: Ignoring namespace prefix "ruleml" for existing prefix "swrl" -- DefaultProtegeOWLParserLogger.logWarning()
2011.03.21 20:24:59.850 CET INFO: [ProtegeOWLParser] Importing http://www.w3.org/2003/11/swrlb (from /home/vmateos/Documents/NetBeansProjects/IRSReasonerDemostrador/plugins/edu.stanford.smi.protegex.owl/swrlb.owl) -- DefaultProtegeOWLParserLogger.logImport()
2011.03.21 20:24:59.983 CET INFO: [ProtegeOWLParser] Completed triple loading after 2533 ms -- ProtegeOWLParser.loadTriples()
2011.03.21 20:25:00.454 CET INFO: [TripleChangePostProcessor] Completed lists after 3 ms -- TripleChangePostProcessor.log()
2011.03.21 20:25:00.460 CET INFO: [TripleChangePostProcessor] Completed anonymous classes after 6 ms -- TripleChangePostProcessor.log()
2011.03.21 20:25:00.462 CET INFO: [TripleChangePostProcessor] Completed deprecated classes after 2 ms -- TripleChangePostProcessor.log()
2011.03.21 20:25:00.485 CET INFO: [TripleChangePostProcessor] Completed properties after 22 ms -- TripleChangePostProcessor.log()
2011.03.21 20:25:00.492 CET INFO: [TripleChangePostProcessor] Completed named classes after 7 ms -- TripleChangePostProcessor.log()
2011.03.21 20:25:00.662 CET INFO: ... Loading completed after 3215 ms -- ProtegeOWLParser.loadTriples()
2011.07.15 12:45:55.453 CEST INFO: *** SYSTEM START ***
2011.07.15 12:45:56.516 CEST INFO: Loading triples -- ProtegeOWLParser.loadTriples()
2011.07.15 12:45:56.614 CEST INFO: Start processing ontology: http://dummy-ontologies.com/dummy.owl Time: Fri Jul 15 12:45:56 CEST 2011 -- ProtegeOWLParser.loadTriples()
2011.07.15 12:45:58.031 CEST INFO: Loaded 5000 triples -- ProtegeOWLParser$MyStatementHandler.statement()
2011.07.15 12:45:58.339 CEST INFO: [ProtegeOWLParser] Importing http://swrl.stanford.edu/ontologies/3.3/swrla.owl (from /home/vmateos/Documents/NetBeansProjects/IRSReasonerDemostrador/plugins/edu.stanford.smi.protegex.owl/swrla.owl) -- DefaultProtegeOWLParserLogger.logImport()
2011.07.15 12:45:58.412 CEST INFO: [ProtegeOWLParser] Importing http://www.w3.org/2003/11/swrl (from /home/vmateos/Documents/NetBeansProjects/IRSReasonerDemostrador/plugins/edu.stanford.smi.protegex.owl/swrl.owl) -- DefaultProtegeOWLParserLogger.logImport()
2011.07.15 12:45:58.415 CEST WARNING: [ProtegeOWLParser] Warning: Ignoring namespace prefix "ruleml" for existing prefix "swrl" -- DefaultProtegeOWLParserLogger.logWarning()
2011.07.15 12:45:58.469 CEST INFO: [ProtegeOWLParser] Importing http://www.w3.org/2003/11/swrlb (from /home/vmateos/Documents/NetBeansProjects/IRSReasonerDemostrador/plugins/edu.stanford.smi.protegex.owl/swrlb.owl) -- DefaultProtegeOWLParserLogger.logImport()
2011.07.15 12:45:58.575 CEST INFO: [ProtegeOWLParser] Completed triple loading after 1961 ms -- ProtegeOWLParser.loadTriples()
2011.07.15 12:45:59.208 CEST INFO: [TripleChangePostProcessor] Completed lists after 6 ms -- TripleChangePostProcessor.log()
2011.07.15 12:45:59.215 CEST INFO: [TripleChangePostProcessor] Completed anonymous classes after 6 ms -- TripleChangePostProcessor.log()
2011.07.15 12:45:59.216 CEST INFO: [TripleChangePostProcessor] Completed deprecated classes after 1 ms -- TripleChangePostProcessor.log()
2011.07.15 12:45:59.245 CEST INFO: [TripleChangePostProcessor] Completed properties after 27 ms -- TripleChangePostProcessor.log()
2011.07.15 12:45:59.257 CEST INFO: [TripleChangePostProcessor] Completed named classes after 11 ms -- TripleChangePostProcessor.log()
2011.07.15 12:45:59.433 CEST INFO: ... Loading completed after 2820 ms -- ProtegeOWLParser.loadTriples()
2011.07.15 12:46:45.739 CEST INFO: *** SYSTEM START ***
2011.07.15 12:46:46.704 CEST INFO: Loading triples -- ProtegeOWLParser.loadTriples()
2011.07.15 12:46:46.794 CEST INFO: Start processing ontology: http://dummy-ontologies.com/dummy.owl Time: Fri Jul 15 12:46:46 CEST 2011 -- ProtegeOWLParser.loadTriples()
2011.07.15 12:46:48.210 CEST INFO: Loaded 5000 triples -- ProtegeOWLParser$MyStatementHandler.statement()
2011.07.15 12:46:48.724 CEST INFO: [ProtegeOWLParser] Importing http://swrl.stanford.edu/ontologies/3.3/swrla.owl (from /home/vmateos/Documents/NetBeansProjects/IRSReasonerDemostrador/plugins/edu.stanford.smi.protegex.owl/swrla.owl) -- DefaultProtegeOWLParserLogger.logImport()
2011.07.15 12:46:48.796 CEST INFO: [ProtegeOWLParser] Importing http://www.w3.org/2003/11/swrl (from /home/vmateos/Documents/NetBeansProjects/IRSReasonerDemostrador/plugins/edu.stanford.smi.protegex.owl/swrl.owl) -- DefaultProtegeOWLParserLogger.logImport()
2011.07.15 12:46:48.799 CEST WARNING: [ProtegeOWLParser] Warning: Ignoring namespace prefix "ruleml" for existing prefix "swrl" -- DefaultProtegeOWLParserLogger.logWarning()
2011.07.15 12:46:48.875 CEST INFO: [ProtegeOWLParser] Importing http://www.w3.org/2003/11/swrlb (from /home/vmateos/Documents/NetBeansProjects/IRSReasonerDemostrador/plugins/edu.stanford.smi.protegex.owl/swrlb.owl) -- DefaultProtegeOWLParserLogger.logImport()
2011.07.15 12:46:48.986 CEST INFO: [ProtegeOWLParser] Completed triple loading after 2189 ms -- ProtegeOWLParser.loadTriples()
2011.07.15 12:46:49.574 CEST INFO: [TripleChangePostProcessor] Completed lists after 4 ms -- TripleChangePostProcessor.log()
2011.07.15 12:46:49.580 CEST INFO: [TripleChangePostProcessor] Completed anonymous classes after 5 ms -- TripleChangePostProcessor.log()
2011.07.15 12:46:49.581 CEST INFO: [TripleChangePostProcessor] Completed deprecated classes after 1 ms -- TripleChangePostProcessor.log()
2011.07.15 12:46:49.608 CEST INFO: [TripleChangePostProcessor] Completed properties after 26 ms -- TripleChangePostProcessor.log()
2011.07.15 12:46:49.619 CEST INFO: [TripleChangePostProcessor] Completed named classes after 11 ms -- TripleChangePostProcessor.log()
2011.07.15 12:46:49.812 CEST INFO: ... Loading completed after 3018 ms -- ProtegeOWLParser.loadTriples()
2011.07.15 12:48:50.506 CEST INFO: *** SYSTEM START ***
2011.07.15 12:48:51.505 CEST INFO: Loading triples -- ProtegeOWLParser.loadTriples()
2011.07.15 12:48:51.602 CEST INFO: Start processing ontology: http://dummy-ontologies.com/dummy.owl Time: Fri Jul 15 12:48:51 CEST 2011 -- ProtegeOWLParser.loadTriples()
2011.07.15 12:48:53.017 CEST INFO: Loaded 5000 triples -- ProtegeOWLParser$MyStatementHandler.statement()
2011.07.15 12:48:53.531 CEST INFO: [ProtegeOWLParser] Importing http://swrl.stanford.edu/ontologies/3.3/swrla.owl (from /home/vmateos/Documents/NetBeansProjects/IRSReasonerDemostrador/plugins/edu.stanford.smi.protegex.owl/swrla.owl) -- DefaultProtegeOWLParserLogger.logImport()
2011.07.15 12:48:53.596 CEST INFO: [ProtegeOWLParser] Importing http://www.w3.org/2003/11/swrl (from /home/vmateos/Documents/NetBeansProjects/IRSReasonerDemostrador/plugins/edu.stanford.smi.protegex.owl/swrl.owl) -- DefaultProtegeOWLParserLogger.logImport()
2011.07.15 12:48:53.599 CEST WARNING: [ProtegeOWLParser] Warning: Ignoring namespace prefix "ruleml" for existing prefix "swrl" -- DefaultProtegeOWLParserLogger.logWarning()
2011.07.15 12:48:53.641 CEST INFO: [ProtegeOWLParser] Importing http://www.w3.org/2003/11/swrlb (from /home/vmateos/Documents/NetBeansProjects/IRSReasonerDemostrador/plugins/edu.stanford.smi.protegex.owl/swrlb.owl) -- DefaultProtegeOWLParserLogger.logImport()
2011.07.15 12:48:53.680 CEST INFO: [ProtegeOWLParser] Completed triple loading after 2079 ms -- ProtegeOWLParser.loadTriples()
2011.07.15 12:48:54.505 CEST INFO: [TripleChangePostProcessor] Completed lists after 13 ms -- TripleChangePostProcessor.log()
2011.07.15 12:48:54.522 CEST INFO: [TripleChangePostProcessor] Completed anonymous classes after 16 ms -- TripleChangePostProcessor.log()
2011.07.15 12:48:54.525 CEST INFO: [TripleChangePostProcessor] Completed deprecated classes after 2 ms -- TripleChangePostProcessor.log()
2011.07.15 12:48:54.562 CEST INFO: [TripleChangePostProcessor] Completed properties after 37 ms -- TripleChangePostProcessor.log()
2011.07.15 12:48:54.574 CEST INFO: [TripleChangePostProcessor] Completed named classes after 12 ms -- TripleChangePostProcessor.log()
2011.07.15 12:48:54.760 CEST INFO: ... Loading completed after 3159 ms -- ProtegeOWLParser.loadTriples()
2011.07.15 13:39:15.177 CEST INFO: *** SYSTEM START ***
2011.07.15 13:39:16.260 CEST INFO: Loading triples -- ProtegeOWLParser.loadTriples()
2011.07.15 13:39:16.370 CEST INFO: Start processing ontology: http://dummy-ontologies.com/dummy.owl Time: Fri Jul 15 13:39:16 CEST 2011 -- ProtegeOWLParser.loadTriples()
2011.07.15 13:39:17.998 CEST INFO: Loaded 5000 triples -- ProtegeOWLParser$MyStatementHandler.statement()
2011.07.15 13:39:18.474 CEST INFO: [ProtegeOWLParser] Importing http://swrl.stanford.edu/ontologies/3.3/swrla.owl (from /home/vmateos/Documents/NetBeansProjects/IRSReasonerDemostrador/plugins/edu.stanford.smi.protegex.owl/swrla.owl) -- DefaultProtegeOWLParserLogger.logImport()
2011.07.15 13:39:18.557 CEST INFO: [ProtegeOWLParser] Importing http://www.w3.org/2003/11/swrl (from /home/vmateos/Documents/NetBeansProjects/IRSReasonerDemostrador/plugins/edu.stanford.smi.protegex.owl/swrl.owl) -- DefaultProtegeOWLParserLogger.logImport()
2011.07.15 13:39:18.560 CEST WARNING: [ProtegeOWLParser] Warning: Ignoring namespace prefix "ruleml" for existing prefix "swrl" -- DefaultProtegeOWLParserLogger.logWarning()
2011.07.15 13:39:18.637 CEST INFO: [ProtegeOWLParser] Importing http://www.w3.org/2003/11/swrlb (from /home/vmateos/Documents/NetBeansProjects/IRSReasonerDemostrador/plugins/edu.stanford.smi.protegex.owl/swrlb.owl) -- DefaultProtegeOWLParserLogger.logImport()
2011.07.15 13:39:18.746 CEST INFO: [ProtegeOWLParser] Completed triple loading after 2378 ms -- ProtegeOWLParser.loadTriples()
2011.07.15 13:39:19.346 CEST INFO: [TripleChangePostProcessor] Completed lists after 4 ms -- TripleChangePostProcessor.log()
2011.07.15 13:39:19.359 CEST INFO: [TripleChangePostProcessor] Completed anonymous classes after 7 ms -- TripleChangePostProcessor.log()
2011.07.15 13:39:19.365 CEST INFO: [TripleChangePostProcessor] Completed deprecated classes after 5 ms -- TripleChangePostProcessor.log()
2011.07.15 13:39:19.390 CEST INFO: [TripleChangePostProcessor] Completed properties after 24 ms -- TripleChangePostProcessor.log()
2011.07.15 13:39:19.398 CEST INFO: [TripleChangePostProcessor] Completed named classes after 7 ms -- TripleChangePostProcessor.log()
2011.07.15 13:39:19.540 CEST INFO: ... Loading completed after 3172 ms -- ProtegeOWLParser.loadTriples()
2011.09.22 12:53:34.827 CEST INFO: *** SYSTEM START ***
2011.09.22 12:53:35.999 CEST INFO: Loading triples -- ProtegeOWLParser.loadTriples()
2011.09.22 12:53:36.143 CEST INFO: Start processing ontology: http://dummy-ontologies.com/dummy.owl Time: Thu Sep 22 12:53:36 CEST 2011 -- ProtegeOWLParser.loadTriples()
2011.09.22 12:53:37.912 CEST INFO: Loaded 5000 triples -- ProtegeOWLParser$MyStatementHandler.statement()
2011.09.22 12:53:38.259 CEST INFO: [ProtegeOWLParser] Importing http://swrl.stanford.edu/ontologies/3.3/swrla.owl (from /home/vmateos/Documents/NetBeansProjects/IRSReasonerDemostrador/plugins/edu.stanford.smi.protegex.owl/swrla.owl) -- DefaultProtegeOWLParserLogger.logImport()
2011.09.22 12:53:38.341 CEST INFO: [ProtegeOWLParser] Importing http://www.w3.org/2003/11/swrl (from /home/vmateos/Documents/NetBeansProjects/IRSReasonerDemostrador/plugins/edu.stanford.smi.protegex.owl/swrl.owl) -- DefaultProtegeOWLParserLogger.logImport()
2011.09.22 12:53:38.343 CEST WARNING: [ProtegeOWLParser] Warning: Ignoring namespace prefix "ruleml" for existing prefix "swrl" -- DefaultProtegeOWLParserLogger.logWarning()
2011.09.22 12:53:38.385 CEST INFO: [ProtegeOWLParser] Importing http://www.w3.org/2003/11/swrlb (from /home/vmateos/Documents/NetBeansProjects/IRSReasonerDemostrador/plugins/edu.stanford.smi.protegex.owl/swrlb.owl) -- DefaultProtegeOWLParserLogger.logImport()
2011.09.22 12:53:38.458 CEST INFO: [ProtegeOWLParser] Completed triple loading after 2315 ms -- ProtegeOWLParser.loadTriples()
2011.09.22 12:53:39.691 CEST INFO: [TripleChangePostProcessor] Completed lists after 5 ms -- TripleChangePostProcessor.log()
2011.09.22 12:53:39.702 CEST INFO: [TripleChangePostProcessor] Completed anonymous classes after 11 ms -- TripleChangePostProcessor.log()
2011.09.22 12:53:39.704 CEST INFO: [TripleChangePostProcessor] Completed deprecated classes after 2 ms -- TripleChangePostProcessor.log()
2011.09.22 12:53:39.745 CEST INFO: [TripleChangePostProcessor] Completed properties after 41 ms -- TripleChangePostProcessor.log()
2011.09.22 12:53:39.766 CEST INFO: [TripleChangePostProcessor] Completed named classes after 21 ms -- TripleChangePostProcessor.log()
2011.09.22 12:53:40.019 CEST INFO: ... Loading completed after 3876 ms -- ProtegeOWLParser.loadTriples()
2012.07.04 16:49:00.789 CEST INFO: *** SYSTEM START ***
2012.07.04 16:49:03.247 CEST INFO: Loading triples -- ProtegeOWLParser.loadTriples()
2012.07.04 16:49:03.472 CEST INFO: Start processing ontology: http://dummy-ontologies.com/dummy.owl Time: Wed Jul 04 16:49:03 CEST 2012 -- ProtegeOWLParser.loadTriples()
2012.07.04 16:49:06.267 CEST INFO: Loaded 5000 triples -- ProtegeOWLParser$MyStatementHandler.statement()
2012.07.04 16:49:07.098 CEST INFO: [ProtegeOWLParser] Importing http://swrl.stanford.edu/ontologies/3.3/swrla.owl (from /home/vmateos/Documents/NetBeansProjects/IRSReasonerDemostrador/plugins/edu.stanford.smi.protegex.owl/swrla.owl) -- DefaultProtegeOWLParserLogger.logImport()
2012.07.04 16:49:07.312 CEST INFO: [ProtegeOWLParser] Importing http://www.w3.org/2003/11/swrl (from /home/vmateos/Documents/NetBeansProjects/IRSReasonerDemostrador/plugins/edu.stanford.smi.protegex.owl/swrl.owl) -- DefaultProtegeOWLParserLogger.logImport()
2012.07.04 16:49:07.314 CEST WARNING: [ProtegeOWLParser] Warning: Ignoring namespace prefix "ruleml" for existing prefix "swrl" -- DefaultProtegeOWLParserLogger.logWarning()
2012.07.04 16:49:07.448 CEST INFO: [ProtegeOWLParser] Importing http://www.w3.org/2003/11/swrlb (from /home/vmateos/Documents/NetBeansProjects/IRSReasonerDemostrador/plugins/edu.stanford.smi.protegex.owl/swrlb.owl) -- DefaultProtegeOWLParserLogger.logImport()
2012.07.04 16:49:07.551 CEST INFO: [ProtegeOWLParser] Completed triple loading after 4081 ms -- ProtegeOWLParser.loadTriples()
2012.07.04 16:49:08.662 CEST INFO: [TripleChangePostProcessor] Completed lists after 28 ms -- TripleChangePostProcessor.log()
2012.07.04 16:49:08.668 CEST INFO: [TripleChangePostProcessor] Completed anonymous classes after 6 ms -- TripleChangePostProcessor.log()
2012.07.04 16:49:08.679 CEST INFO: [TripleChangePostProcessor] Completed deprecated classes after 10 ms -- TripleChangePostProcessor.log()
2012.07.04 16:49:08.740 CEST INFO: [TripleChangePostProcessor] Completed properties after 59 ms -- TripleChangePostProcessor.log()
2012.07.04 16:49:08.761 CEST INFO: [TripleChangePostProcessor] Completed named classes after 17 ms -- TripleChangePostProcessor.log()
2012.07.04 16:49:09.038 CEST INFO: ... Loading completed after 5568 ms -- ProtegeOWLParser.loadTriples()
2012.07.05 10:53:15.301 CEST INFO: *** SYSTEM START ***
2012.07.05 10:53:18.310 CEST INFO: Loading triples -- ProtegeOWLParser.loadTriples()
2012.07.05 10:53:18.559 CEST INFO: Start processing ontology: http://dummy-ontologies.com/dummy.owl Time: Thu Jul 05 10:53:18 CEST 2012 -- ProtegeOWLParser.loadTriples()
2012.07.05 10:53:21.935 CEST INFO: Loaded 5000 triples -- ProtegeOWLParser$MyStatementHandler.statement()
2012.07.05 10:53:22.824 CEST INFO: [ProtegeOWLParser] Importing http://swrl.stanford.edu/ontologies/3.3/swrla.owl (from /home/vmateos/Documents/NetBeansProjects/IRSReasonerDemostrador/plugins/edu.stanford.smi.protegex.owl/swrla.owl) -- DefaultProtegeOWLParserLogger.logImport()
2012.07.05 10:53:23.134 CEST INFO: [ProtegeOWLParser] Importing http://www.w3.org/2003/11/swrl (from /home/vmateos/Documents/NetBeansProjects/IRSReasonerDemostrador/plugins/edu.stanford.smi.protegex.owl/swrl.owl) -- DefaultProtegeOWLParserLogger.logImport()
2012.07.05 10:53:23.141 CEST WARNING: [ProtegeOWLParser] Warning: Ignoring namespace prefix "ruleml" for existing prefix "swrl" -- DefaultProtegeOWLParserLogger.logWarning()
2012.07.05 10:53:23.304 CEST INFO: [ProtegeOWLParser] Importing http://www.w3.org/2003/11/swrlb (from /home/vmateos/Documents/NetBeansProjects/IRSReasonerDemostrador/plugins/edu.stanford.smi.protegex.owl/swrlb.owl) -- DefaultProtegeOWLParserLogger.logImport()
2012.07.05 10:53:23.486 CEST INFO: [ProtegeOWLParser] Completed triple loading after 4927 ms -- ProtegeOWLParser.loadTriples()
2012.07.05 10:53:25.004 CEST INFO: [TripleChangePostProcessor] Completed lists after 14 ms -- TripleChangePostProcessor.log()
2012.07.05 10:53:25.014 CEST INFO: [TripleChangePostProcessor] Completed anonymous classes after 9 ms -- TripleChangePostProcessor.log()
2012.07.05 10:53:25.016 CEST INFO: [TripleChangePostProcessor] Completed deprecated classes after 2 ms -- TripleChangePostProcessor.log()
2012.07.05 10:53:25.075 CEST INFO: [TripleChangePostProcessor] Completed properties after 59 ms -- TripleChangePostProcessor.log()
2012.07.05 10:53:25.092 CEST INFO: [TripleChangePostProcessor] Completed named classes after 17 ms -- TripleChangePostProcessor.log()
2012.07.05 10:53:25.509 CEST INFO: ... Loading completed after 6950 ms -- ProtegeOWLParser.loadTriples()
2012.07.11 12:34:53.868 CEST INFO: *** SYSTEM START ***
2012.07.11 12:34:57.278 CEST INFO: Loading triples -- ProtegeOWLParser.loadTriples()
2012.07.11 12:34:57.520 CEST INFO: Start processing ontology: http://dummy-ontologies.com/dummy.owl Time: Wed Jul 11 12:34:57 CEST 2012 -- ProtegeOWLParser.loadTriples()
2012.07.11 12:35:00.710 CEST INFO: Loaded 5000 triples -- ProtegeOWLParser$MyStatementHandler.statement()
2012.07.11 12:35:01.402 CEST INFO: [ProtegeOWLParser] Importing http://swrl.stanford.edu/ontologies/3.3/swrla.owl (from /home/vmateos/Documents/NetBeansProjects/IRSReasonerDemostrador/plugins/edu.stanford.smi.protegex.owl/swrla.owl) -- DefaultProtegeOWLParserLogger.logImport()
2012.07.11 12:35:01.581 CEST INFO: [ProtegeOWLParser] Importing http://www.w3.org/2003/11/swrl (from /home/vmateos/Documents/NetBeansProjects/IRSReasonerDemostrador/plugins/edu.stanford.smi.protegex.owl/swrl.owl) -- DefaultProtegeOWLParserLogger.logImport()
2012.07.11 12:35:01.588 CEST WARNING: [ProtegeOWLParser] Warning: Ignoring namespace prefix "ruleml" for existing prefix "swrl" -- DefaultProtegeOWLParserLogger.logWarning()
2012.07.11 12:35:01.680 CEST INFO: [ProtegeOWLParser] Importing http://www.w3.org/2003/11/swrlb (from /home/vmateos/Documents/NetBeansProjects/IRSReasonerDemostrador/plugins/edu.stanford.smi.protegex.owl/swrlb.owl) -- DefaultProtegeOWLParserLogger.logImport()
2012.07.11 12:35:01.767 CEST INFO: [ProtegeOWLParser] Completed triple loading after 4249 ms -- ProtegeOWLParser.loadTriples()
2012.07.11 12:35:02.741 CEST INFO: [TripleChangePostProcessor] Completed lists after 4 ms -- TripleChangePostProcessor.log()
2012.07.11 12:35:02.753 CEST INFO: [TripleChangePostProcessor] Completed anonymous classes after 12 ms -- TripleChangePostProcessor.log()
2012.07.11 12:35:02.755 CEST INFO: [TripleChangePostProcessor] Completed deprecated classes after 2 ms -- TripleChangePostProcessor.log()
2012.07.11 12:35:02.807 CEST INFO: [TripleChangePostProcessor] Completed properties after 51 ms -- TripleChangePostProcessor.log()
2012.07.11 12:35:02.819 CEST INFO: [TripleChangePostProcessor] Completed named classes after 12 ms -- TripleChangePostProcessor.log()
2012.07.11 12:35:03.105 CEST INFO: ... Loading completed after 5587 ms -- ProtegeOWLParser.loadTriples()
2013.01.23 17:37:08.958 CET INFO: *** SYSTEM START ***
2013.01.23 17:37:11.736 CET INFO: Loading triples -- ProtegeOWLParser.loadTriples()
2013.01.23 17:37:12.014 CET INFO: Start processing ontology: http://dummy-ontologies.com/dummy.owl Time: Wed Jan 23 17:37:12 CET 2013 -- ProtegeOWLParser.loadTriples()
2013.01.23 17:37:14.797 CET INFO: Loaded 5000 triples -- ProtegeOWLParser$MyStatementHandler.statement()
2013.01.23 17:37:15.488 CET INFO: [ProtegeOWLParser] Importing http://swrl.stanford.edu/ontologies/3.3/swrla.owl (from /home/vmateos/Documents/NetBeansProjects/IRSReasonerDemostrador/plugins/edu.stanford.smi.protegex.owl/swrla.owl) -- DefaultProtegeOWLParserLogger.logImport()
2013.01.23 17:37:15.634 CET INFO: [ProtegeOWLParser] Importing http://www.w3.org/2003/11/swrl (from /home/vmateos/Documents/NetBeansProjects/IRSReasonerDemostrador/plugins/edu.stanford.smi.protegex.owl/swrl.owl) -- DefaultProtegeOWLParserLogger.logImport()
2013.01.23 17:37:15.637 CET WARNING: [ProtegeOWLParser] Warning: Ignoring namespace prefix "ruleml" for existing prefix "swrl" -- DefaultProtegeOWLParserLogger.logWarning()
2013.01.23 17:37:15.747 CET INFO: [ProtegeOWLParser] Importing http://www.w3.org/2003/11/swrlb (from /home/vmateos/Documents/NetBeansProjects/IRSReasonerDemostrador/plugins/edu.stanford.smi.protegex.owl/swrlb.owl) -- DefaultProtegeOWLParserLogger.logImport()
2013.01.23 17:37:15.828 CET INFO: [ProtegeOWLParser] Completed triple loading after 3816 ms -- ProtegeOWLParser.loadTriples()
2013.01.23 17:37:17.051 CET INFO: [TripleChangePostProcessor] Completed lists after 23 ms -- TripleChangePostProcessor.log()
2013.01.23 17:37:17.067 CET INFO: [TripleChangePostProcessor] Completed anonymous classes after 15 ms -- TripleChangePostProcessor.log()
2013.01.23 17:37:17.077 CET INFO: [TripleChangePostProcessor] Completed deprecated classes after 2 ms -- TripleChangePostProcessor.log()
2013.01.23 17:37:17.153 CET INFO: [TripleChangePostProcessor] Completed properties after 67 ms -- TripleChangePostProcessor.log()
2013.01.23 17:37:17.179 CET INFO: [TripleChangePostProcessor] Completed named classes after 19 ms -- TripleChangePostProcessor.log()
2013.01.23 17:37:17.926 CET INFO: ... Loading completed after 5915 ms -- ProtegeOWLParser.loadTriples()
